<?xml version="1.0" encoding="UTF-8"?>
<!-- Generated by org.testng.reporters.JUnitReportReporter -->
<testsuite skipped="0" hostname="nadsoft34" name="test03.test03.mvtest" tests="1" failures="0" timestamp="16 Aug 2018 07:22:17 GMT" time="3.355" errors="0">
  <testcase name="f" time="3.355" classname="test03.test03.mvtest"/>
</testsuite> <!-- test03.test03.mvtest -->
