<?xml version="1.0" encoding="UTF-8"?>
<!-- Generated by org.testng.reporters.JUnitReportReporter -->
<testsuite skipped="0" hostname="nadsoft34" name="test03.test03.mvtest" tests="1" failures="0" timestamp="02 Aug 2018 13:45:56 GMT" time="3.334" errors="0">
  <testcase name="f" time="3.334" classname="test03.test03.mvtest"/>
</testsuite> <!-- test03.test03.mvtest -->
